0 info it worked if it ends with ok
1 verbose cli [ '/usr/local/bin/node', '/usr/local/bin/npm', 'start' ]
2 info using npm@3.10.10
3 info using node@v6.11.2
4 verbose run-script [ 'prestart', 'start', 'poststart' ]
5 info lifecycle cs4236@0.0.0~prestart: cs4236@0.0.0
6 silly lifecycle cs4236@0.0.0~prestart: no script for prestart, continuing
7 info lifecycle cs4236@0.0.0~start: cs4236@0.0.0
8 verbose lifecycle cs4236@0.0.0~start: unsafe-perm in lifecycle true
9 verbose lifecycle cs4236@0.0.0~start: PATH: /usr/local/lib/node_modules/npm/bin/node-gyp-bin:/Users/HarishV/Google Drive/NUS/AY17-18 Sem 1/CS4236/Project/Code/node_modules/.bin:/usr/local/bin://anaconda/bin:/opt/local/bin:/opt/local/sbin:/Library/Frameworks/Python.framework/Versions/2.7/bin:/Library/Frameworks/Python.framework/Versions/3.5/bin:/Users/HarishV/.rvm/gems/ruby-2.1.2/bin:/Users/HarishV/.rvm/gems/ruby-2.1.2@global/bin:/Users/HarishV/.rvm/rubies/ruby-2.1.2/bin:/Users/HarishV/.gvm/vertx/current/bin:/Users/HarishV/.gvm/springboot/current/bin:/Users/HarishV/.gvm/lazybones/current/bin:/Users/HarishV/.gvm/jbake/current/bin:/Users/HarishV/.gvm/groovyserv/current/bin:/Users/HarishV/.gvm/groovy/current/bin:/Users/HarishV/.gvm/griffon/current/bin:/Users/HarishV/.gvm/grails/current/bin:/Users/HarishV/.gvm/gradle/current/bin:/Users/HarishV/.gvm/glide/current/bin:/Users/HarishV/.gvm/gaiden/current/bin:/Users/HarishV/.gvm/crash/current/bin:/Users/HarishV/.gvm/asciidoctorj/current/bin:/Users/HarishV/Library/Enthought/Canopy_64bit/User/bin:/usr/local/bin:/usr/bin:/bin:/usr/sbin:/sbin:/Library/TeX/texbin:/opt/X11/bin:/usr/local/CrossPack-AVR/bin:/Applications/Wireshark.app/Contents/MacOS:/usr/local/git/bin:/Users/HarishV/.rvm/bin:/usr/local/bin
10 verbose lifecycle cs4236@0.0.0~start: CWD: /Users/HarishV/Google Drive/NUS/AY17-18 Sem 1/CS4236/Project/Code
11 silly lifecycle cs4236@0.0.0~start: Args: [ '-c', 'node ./bin/www' ]
12 silly lifecycle cs4236@0.0.0~start: Returned: code: 1  signal: null
13 info lifecycle cs4236@0.0.0~start: Failed to exec start script
14 verbose stack Error: cs4236@0.0.0 start: `node ./bin/www`
14 verbose stack Exit status 1
14 verbose stack     at EventEmitter.<anonymous> (/usr/local/lib/node_modules/npm/lib/utils/lifecycle.js:255:16)
14 verbose stack     at emitTwo (events.js:106:13)
14 verbose stack     at EventEmitter.emit (events.js:191:7)
14 verbose stack     at ChildProcess.<anonymous> (/usr/local/lib/node_modules/npm/lib/utils/spawn.js:40:14)
14 verbose stack     at emitTwo (events.js:106:13)
14 verbose stack     at ChildProcess.emit (events.js:191:7)
14 verbose stack     at maybeClose (internal/child_process.js:891:16)
14 verbose stack     at Process.ChildProcess._handle.onexit (internal/child_process.js:226:5)
15 verbose pkgid cs4236@0.0.0
16 verbose cwd /Users/HarishV/Google Drive/NUS/AY17-18 Sem 1/CS4236/Project/Code
17 error Darwin 17.0.0
18 error argv "/usr/local/bin/node" "/usr/local/bin/npm" "start"
19 error node v6.11.2
20 error npm  v3.10.10
21 error code ELIFECYCLE
22 error cs4236@0.0.0 start: `node ./bin/www`
22 error Exit status 1
23 error Failed at the cs4236@0.0.0 start script 'node ./bin/www'.
23 error Make sure you have the latest version of node.js and npm installed.
23 error If you do, this is most likely a problem with the cs4236 package,
23 error not with npm itself.
23 error Tell the author that this fails on your system:
23 error     node ./bin/www
23 error You can get information on how to open an issue for this project with:
23 error     npm bugs cs4236
23 error Or if that isn't available, you can get their info via:
23 error     npm owner ls cs4236
23 error There is likely additional logging output above.
24 verbose exit [ 1, true ]
